The target system is: Generic - 2.1.99 - arm
The host system is: Darwin - 18.7.0 - x86_64
Compiling the C compiler identification source file "CMakeCCompilerId.c" succeeded.
Compiler: /opt/gnuarmemb/bin/arm-none-eabi-gcc 
Build flags: 
Id flags: -c 

The output was:
0


Compilation of the C compiler identification source "CMakeCCompilerId.c" produced "CMakeCCompilerId.o"

The C compiler identification is GNU, found in "/Users/aaarcr/ncs/nrf/samples/nrf9160/https_client/build_nrf9160_pca10090ns/CMakeFiles/3.17.0/CompilerIdC/CMakeCCompilerId.o"

Compiling the CXX compiler identification source file "CMakeCXXCompilerId.cpp" succeeded.
Compiler: /opt/gnuarmemb/bin/arm-none-eabi-g++ 
Build flags: 
Id flags: -c 

The output was:
0


Compilation of the CXX compiler identification source "CMakeCXXCompilerId.cpp" produced "CMakeCXXCompilerId.o"

The CXX compiler identification is GNU, found in "/Users/aaarcr/ncs/nrf/samples/nrf9160/https_client/build_nrf9160_pca10090ns/CMakeFiles/3.17.0/CompilerIdCXX/CMakeCXXCompilerId.o"

Checking whether the ASM compiler is GNU using "--version" matched "(GNU assembler)|(GCC)|(Free Software Foundation)":
arm-none-eabi-gcc (GNU Tools for Arm Embedded Processors 9-2019-q4-major) 9.2.1 20191025 (release) [ARM/arm-9-branch revision 277599]
Copyright (C) 2019 Free Software Foundation, Inc.
This is free software; see the source for copying conditions.  There is NO
warranty; not even for MERCHANTABILITY or FITNESS FOR A PARTICULAR PURPOSE.

Performing C SOURCE FILE Test check_fmacro_prefix_map__Users_aaarcr_ncs_nrf_samples_nrf9160_https_client_CMAKE_SOURCE_DIR_C__nostartfiles__nostdlib__isystem___opt_gnuarmemb_bin____lib_gcc_arm_none_eabi_9_2_1_include___isystem___opt_gnuarmemb_bin____lib_gcc_arm_none_eabi_9_2_1_include_fixed___Wl___unresolved_symbols_ignore_in_object_files__Wl___entry_0 succeeded with the following output:
Change Dir: /Users/aaarcr/ncs/nrf/samples/nrf9160/https_client/build_nrf9160_pca10090ns/CMakeFiles/CMakeTmp

Run Build Command(s):/usr/local/bin/ninja cmTC_4d648 && [1/2] Building C object CMakeFiles/cmTC_4d648.dir/src.c.obj
[2/2] Linking C executable cmTC_4d648


Source file was:
int main(void) { return 0; }
